<?xml version="1.0" encoding="UTF-8"?>
<testsuite name="AuditLog Entity Tests" tests="15" skipped="0" failures="0" errors="0" timestamp="2025-09-15T13:57:07" hostname="homeui-Macmini.local" time="0.065">
  <properties/>
  <testcase name="리소스 타입 길이가 50자를 초과하면 예외가 발생한다" classname="com.chatgemma.entity.AuditLogTest" time="0.051"/>
  <testcase name="시스템 로그인지 확인한다" classname="com.chatgemma.entity.AuditLogTest" time="0.002"/>
  <testcase name="리소스 타입이 null이면 예외가 발생한다" classname="com.chatgemma.entity.AuditLogTest" time="0.0"/>
  <testcase name="User Agent가 null이면 예외가 발생한다" classname="com.chatgemma.entity.AuditLogTest" time="0.001"/>
  <testcase name="상세 정보가 포함된 감사 로그 생성 시 모든 값이 올바르게 설정된다" classname="com.chatgemma.entity.AuditLogTest" time="0.004"/>
  <testcase name="액션 길이가 50자를 초과하면 예외가 발생한다" classname="com.chatgemma.entity.AuditLogTest" time="0.0"/>
  <testcase name="상세 정보 길이가 1000자를 초과하면 예외가 발생한다" classname="com.chatgemma.entity.AuditLogTest" time="0.0"/>
  <testcase name="IP 주소가 null이면 예외가 발생한다" classname="com.chatgemma.entity.AuditLogTest" time="0.0"/>
  <testcase name="감사 로그 생성 시 기본값이 올바르게 설정된다" classname="com.chatgemma.entity.AuditLogTest" time="0.0"/>
  <testcase name="시스템 액션으로 감사 로그 생성 시 사용자 ID가 null이어도 성공한다" classname="com.chatgemma.entity.AuditLogTest" time="0.001"/>
  <testcase name="경계값 길이의 필드들이 정확히 처리된다" classname="com.chatgemma.entity.AuditLogTest" time="0.0"/>
  <testcase name="User Agent 길이가 500자를 초과하면 예외가 발생한다" classname="com.chatgemma.entity.AuditLogTest" time="0.0"/>
  <testcase name="상세 정보가 있는지 확인한다" classname="com.chatgemma.entity.AuditLogTest" time="0.0"/>
  <testcase name="액션이 null이면 예외가 발생한다" classname="com.chatgemma.entity.AuditLogTest" time="0.0"/>
  <testcase name="액션이 빈 문자열이면 예외가 발생한다" classname="com.chatgemma.entity.AuditLogTest" time="0.001"/>
  <system-out><![CDATA[]]></system-out>
  <system-err><![CDATA[]]></system-err>
</testsuite>
