<?xml version="1.0" encoding="UTF-8"?>
<testsuite name="AuthService Tests" tests="15" skipped="0" failures="0" errors="0" timestamp="2025-09-15T13:57:10" hostname="homeui-Macmini.local" time="0.042">
  <properties/>
  <testcase name="사용자 ID로 사용자를 조회할 수 있다" classname="com.chatgemma.service.AuthServiceTest" time="0.021"/>
  <testcase name="승인된 사용자의 로그인이 성공한다" classname="com.chatgemma.service.AuthServiceTest" time="0.001"/>
  <testcase name="입력 검증 - 빈 패스워드로 회원가입하면 예외가 발생한다" classname="com.chatgemma.service.AuthServiceTest" time="0.001"/>
  <testcase name="사용자명 중복 확인이 올바르게 동작한다" classname="com.chatgemma.service.AuthServiceTest" time="0.001"/>
  <testcase name="이메일 중복 확인이 올바르게 동작한다" classname="com.chatgemma.service.AuthServiceTest" time="0.001"/>
  <testcase name="거부된 사용자로 로그인하면 예외가 발생한다" classname="com.chatgemma.service.AuthServiceTest" time="0.001"/>
  <testcase name="입력 검증 - 유효하지 않은 이메일 형식으로 회원가입하면 예외가 발생한다" classname="com.chatgemma.service.AuthServiceTest" time="0.001"/>
  <testcase name="입력 검증 - null 사용자명으로 회원가입하면 예외가 발생한다" classname="com.chatgemma.service.AuthServiceTest" time="0.0"/>
  <testcase name="로그아웃 시 감사 로그가 기록된다" classname="com.chatgemma.service.AuthServiceTest" time="0.001"/>
  <testcase name="존재하지 않는 사용자로 로그인하면 예외가 발생한다" classname="com.chatgemma.service.AuthServiceTest" time="0.001"/>
  <testcase name="잘못된 패스워드로 로그인하면 예외가 발생한다" classname="com.chatgemma.service.AuthServiceTest" time="0.001"/>
  <testcase name="중복된 사용자명으로 회원가입하면 예외가 발생한다" classname="com.chatgemma.service.AuthServiceTest" time="0.002"/>
  <testcase name="존재하지 않는 사용자 ID로 조회하면 빈 Optional을 반환한다" classname="com.chatgemma.service.AuthServiceTest" time="0.001"/>
  <testcase name="승인 대기 중인 사용자로 로그인하면 예외가 발생한다" classname="com.chatgemma.service.AuthServiceTest" time="0.001"/>
  <testcase name="신규 사용자 회원가입이 성공한다" classname="com.chatgemma.service.AuthServiceTest" time="0.001"/>
  <system-out><![CDATA[]]></system-out>
  <system-err><![CDATA[]]></system-err>
</testsuite>
