<?xml version="1.0" encoding="UTF-8"?>
<testsuite name="User Entity Tests" tests="11" skipped="0" failures="0" errors="0" timestamp="2025-09-15T13:57:07" hostname="homeui-Macmini.local" time="0.004">
  <properties/>
  <testcase name="관리자 사용자 생성 시 기본값이 올바르게 설정된다" classname="com.chatgemma.entity.UserTest" time="0.0"/>
  <testcase name="사용자명이 null이면 예외가 발생한다" classname="com.chatgemma.entity.UserTest" time="0.0"/>
  <testcase name="승인된 사용자인지 확인한다" classname="com.chatgemma.entity.UserTest" time="0.0"/>
  <testcase name="사용자명이 빈 문자열이면 예외가 발생한다" classname="com.chatgemma.entity.UserTest" time="0.0"/>
  <testcase name="이메일이 null이면 예외가 발생한다" classname="com.chatgemma.entity.UserTest" time="0.001"/>
  <testcase name="관리자 승인 시 상태와 승인 정보가 업데이트된다" classname="com.chatgemma.entity.UserTest" time="0.0"/>
  <testcase name="관리자 거부 시 상태가 REJECTED로 변경된다" classname="com.chatgemma.entity.UserTest" time="0.0"/>
  <testcase name="이미 승인된 사용자를 다시 승인하려고 하면 예외가 발생한다" classname="com.chatgemma.entity.UserTest" time="0.0"/>
  <testcase name="사용자 생성 시 기본값이 올바르게 설정된다" classname="com.chatgemma.entity.UserTest" time="0.0"/>
  <testcase name="패스워드가 null이면 예외가 발생한다" classname="com.chatgemma.entity.UserTest" time="0.0"/>
  <testcase name="이미 거부된 사용자를 승인하려고 하면 예외가 발생한다" classname="com.chatgemma.entity.UserTest" time="0.0"/>
  <system-out><![CDATA[]]></system-out>
  <system-err><![CDATA[]]></system-err>
</testsuite>
