<?xml version="1.0" encoding="UTF-8"?>
<testsuite name="Message Entity Tests" tests="13" skipped="0" failures="0" errors="0" timestamp="2025-09-15T13:57:07" hostname="homeui-Macmini.local" time="0.005">
  <properties/>
  <testcase name="이미지가 포함되어 있는지 확인한다" classname="com.chatgemma.entity.MessageTest" time="0.0"/>
  <testcase name="사용자 메시지인지 확인한다" classname="com.chatgemma.entity.MessageTest" time="0.001"/>
  <testcase name="이미지 URL이 빈 문자열인 상태로 이미지 메시지를 생성하면 예외가 발생한다" classname="com.chatgemma.entity.MessageTest" time="0.0"/>
  <testcase name="이미지가 포함된 사용자 메시지 생성 시 이미지 URL이 설정된다" classname="com.chatgemma.entity.MessageTest" time="0.001"/>
  <testcase name="어시스턴트 메시지 생성 시 기본값이 올바르게 설정된다" classname="com.chatgemma.entity.MessageTest" time="0.0"/>
  <testcase name="내용이 최대 길이를 초과하면 예외가 발생한다" classname="com.chatgemma.entity.MessageTest" time="0.0"/>
  <testcase name="어시스턴트 메시지인지 확인한다" classname="com.chatgemma.entity.MessageTest" time="0.0"/>
  <testcase name="채팅 ID가 null이면 예외가 발생한다" classname="com.chatgemma.entity.MessageTest" time="0.0"/>
  <testcase name="메시지 내용이 최대 길이 경계값을 정확히 처리한다" classname="com.chatgemma.entity.MessageTest" time="0.0"/>
  <testcase name="내용이 null이면 예외가 발생한다" classname="com.chatgemma.entity.MessageTest" time="0.0"/>
  <testcase name="사용자 메시지 생성 시 기본값이 올바르게 설정된다" classname="com.chatgemma.entity.MessageTest" time="0.001"/>
  <testcase name="내용이 빈 문자열이면 예외가 발생한다" classname="com.chatgemma.entity.MessageTest" time="0.0"/>
  <testcase name="이미지 URL이 null인 상태로 이미지 메시지를 생성하면 예외가 발생한다" classname="com.chatgemma.entity.MessageTest" time="0.0"/>
  <system-out><![CDATA[]]></system-out>
  <system-err><![CDATA[]]></system-err>
</testsuite>
