<?xml version="1.0" encoding="UTF-8"?>
<testsuite name="Chat Entity Tests" tests="11" skipped="0" failures="0" errors="0" timestamp="2025-09-15T13:57:07" hostname="homeui-Macmini.local" time="0.005">
  <properties/>
  <testcase name="새로운 제목이 null이면 예외가 발생한다" classname="com.chatgemma.entity.ChatTest" time="0.0"/>
  <testcase name="채팅 제목 변경 시 updatedAt이 갱신된다" classname="com.chatgemma.entity.ChatTest" time="0.001"/>
  <testcase name="채팅이 활성상태인지 확인한다" classname="com.chatgemma.entity.ChatTest" time="0.0"/>
  <testcase name="삭제된 채팅의 제목을 변경하려고 하면 예외가 발생한다" classname="com.chatgemma.entity.ChatTest" time="0.0"/>
  <testcase name="제목 길이가 100자를 초과하면 예외가 발생한다" classname="com.chatgemma.entity.ChatTest" time="0.001"/>
  <testcase name="제목이 빈 문자열이면 예외가 발생한다" classname="com.chatgemma.entity.ChatTest" time="0.0"/>
  <testcase name="채팅 삭제 시 deleted 플래그가 true로 설정되고 updatedAt이 갱신된다" classname="com.chatgemma.entity.ChatTest" time="0.0"/>
  <testcase name="사용자 ID가 null이면 예외가 발생한다" classname="com.chatgemma.entity.ChatTest" time="0.0"/>
  <testcase name="채팅 생성 시 기본값이 올바르게 설정된다" classname="com.chatgemma.entity.ChatTest" time="0.0"/>
  <testcase name="제목이 null이면 예외가 발생한다" classname="com.chatgemma.entity.ChatTest" time="0.0"/>
  <testcase name="이미 삭제된 채팅을 다시 삭제하려고 하면 예외가 발생한다" classname="com.chatgemma.entity.ChatTest" time="0.0"/>
  <system-out><![CDATA[]]></system-out>
  <system-err><![CDATA[]]></system-err>
</testsuite>
